#
# There is insufficient memory for the Java Runtime Environment to continue.
# Native memory allocation (mmap) failed to map 18874368 bytes. Error detail: G1 virtual space
# Possible reasons:
#   The system is out of physical RAM or swap space
#   This process is running with CompressedOops enabled, and the Java Heap may be blocking the growth of the native heap
# Possible solutions:
#   Reduce memory load on the system
#   Increase physical memory or swap space
#   Check if swap backing store is full
#   Decrease Java heap size (-Xmx/-Xms)
#   Decrease number of Java threads
#   Decrease Java thread stack sizes (-Xss)
#   Set larger code cache with -XX:ReservedCodeCacheSize=
#   JVM is running with Unscaled Compressed Oops mode in which the Java heap is
#     placed in the first 4GB address space. The Java Heap base address is the
#     maximum limit for the native heap growth. Please use -XX:HeapBaseMinAddress
#     to set the Java Heap base and to place the Java Heap above 4GB virtual address.
# This output file may be truncated or incomplete.
#
#  Out of Memory Error (os_windows.cpp:3925), pid=23508, tid=9068
#
# JRE version: OpenJDK Runtime Environment (21.0.8) (build 21.0.8+-14018985-b1038.68)
# Java VM: OpenJDK 64-Bit Server VM (21.0.8+-14018985-b1038.68, mixed mode, tiered, compressed oops, compressed class ptrs, g1 gc, windows-amd64)
# No core dump will be written. Minidumps are not enabled by default on client versions of Windows
#

---------------  S U M M A R Y ------------

Command Line: --add-opens=java.base/java.lang=ALL-UNNAMED --add-opens=java.base/java.lang.invoke=ALL-UNNAMED --add-opens=java.base/java.util=ALL-UNNAMED --add-opens=java.prefs/java.util.prefs=ALL-UNNAMED --add-exports=jdk.compiler/com.sun.tools.javac.api=ALL-UNNAMED --add-exports=jdk.compiler/com.sun.tools.javac.util=ALL-UNNAMED --add-opens=java.base/java.util=ALL-UNNAMED --add-opens=java.prefs/java.util.prefs=ALL-UNNAMED --add-opens=java.base/java.nio.charset=ALL-UNNAMED --add-opens=java.base/java.net=ALL-UNNAMED --add-opens=java.base/java.util.concurrent.atomic=ALL-UNNAMED --add-opens=java.xml/javax.xml.namespace=ALL-UNNAMED -Xmx2048m -Dfile.encoding=UTF-8 -Duser.country=ID -Duser.language=en -Duser.variant -javaagent:C:\Users\LENOVO\.gradle\wrapper\dists\gradle-8.13-bin\5xuhj0ry160q40clulazy9h7d\gradle-8.13\lib\agents\gradle-instrumentation-agent-8.13.jar org.gradle.launcher.daemon.bootstrap.GradleDaemon 8.13

Host: AMD Ryzen 7 7730U with Radeon Graphics         , 16 cores, 13G,  Windows 11 , 64 bit Build 22621 (10.0.22621.3672)
Time: Sat Nov  8 18:42:44 2025 SE Asia Standard Time elapsed time: 3.514650 seconds (0d 0h 0m 3s)

---------------  T H R E A D  ---------------

Current thread (0x0000023a75a393f0):  VMThread "VM Thread"          [id=9068, stack(0x000000ab52400000,0x000000ab52500000) (1024K)]

Stack: [0x000000ab52400000,0x000000ab52500000]
Native frames: (J=compiled Java code, j=interpreted, Vv=VM code, C=native code)
V  [jvm.dll+0x6d68d9]
V  [jvm.dll+0x866693]
V  [jvm.dll+0x868c4e]
V  [jvm.dll+0x869333]
V  [jvm.dll+0x280566]
V  [jvm.dll+0x6d3195]
V  [jvm.dll+0x6c69ea]
V  [jvm.dll+0x3586db]
V  [jvm.dll+0x360336]
V  [jvm.dll+0x3b23f6]
V  [jvm.dll+0x3b26c8]
V  [jvm.dll+0x32ae6c]
V  [jvm.dll+0x32aef7]
V  [jvm.dll+0x370d3c]
V  [jvm.dll+0x36f4ee]
V  [jvm.dll+0x32a5c1]
V  [jvm.dll+0x36ebf0]
V  [jvm.dll+0x86f0b8]
V  [jvm.dll+0x870434]
V  [jvm.dll+0x870970]
V  [jvm.dll+0x870c03]
V  [jvm.dll+0x80eac8]
V  [jvm.dll+0x6d512d]
C  [ucrtbase.dll+0x29333]
C  [KERNEL32.DLL+0x1257d]
C  [ntdll.dll+0x5af28]

VM_Operation (0x000000ab548f4220): G1CollectForAllocation, mode: safepoint, requested by thread 0x0000023a7bf0ae90


---------------  P R O C E S S  ---------------

Threads class SMR info:
_java_thread_list=0x0000023a7bb1b4e0, length=51, elements={
0x0000023a5d60ffe0, 0x0000023a75abb200, 0x0000023a75abe8d0, 0x0000023a75abd670,
0x0000023a75ad2920, 0x0000023a75ad3380, 0x0000023a75ad4580, 0x0000023a75ad55f0,
0x0000023a75ad8b30, 0x0000023a75ae7350, 0x0000023a75ca8f20, 0x0000023a75ca95d0,
0x0000023a7a086140, 0x0000023a7a1cba20, 0x0000023a7a3e2af0, 0x0000023a7a478390,
0x0000023a7a434580, 0x0000023a7b6177d0, 0x0000023a7be292c0, 0x0000023a7bd62bb0,
0x0000023a7bd0f1e0, 0x0000023a7bea7750, 0x0000023a7bee8b10, 0x0000023a7bf07e60,
0x0000023a7bf0ae90, 0x0000023a7bf39fe0, 0x0000023a7bf3cdd0, 0x0000023a7bf3c0b0,
0x0000023a7bf3a670, 0x0000023a7bf3c740, 0x0000023a7bf3ba20, 0x0000023a7bf3ad00,
0x0000023a7bf3b390, 0x0000023a00dc1390, 0x0000023a00dc1a20, 0x0000023a00dc20b0,
0x0000023a00dc7600, 0x0000023a00dc5530, 0x0000023a00dc2740, 0x0000023a00dc6f70,
0x0000023a00dc4180, 0x0000023a00dc3af0, 0x0000023a00dc0d00, 0x0000023a00dc2dd0,
0x0000023a00dc3460, 0x0000023a00dc5bc0, 0x0000023a00dc4810, 0x0000023a00dc4ea0,
0x0000023a00dc7c90, 0x0000023a00dc6250, 0x0000023a00dc68e0
}

Java Threads: ( => current thread )
  0x0000023a5d60ffe0 JavaThread "main"                              [_thread_blocked, id=16144, stack(0x000000ab51d00000,0x000000ab51e00000) (1024K)]
  0x0000023a75abb200 JavaThread "Common-Cleaner"             daemon [_thread_blocked, id=21080, stack(0x000000ab52500000,0x000000ab52600000) (1024K)]
  0x0000023a75abe8d0 JavaThread "Reference Handler"          daemon [_thread_blocked, id=21868, stack(0x000000ab52600000,0x000000ab52700000) (1024K)]
  0x0000023a75abd670 JavaThread "Finalizer"                  daemon [_thread_blocked, id=20772, stack(0x000000ab52700000,0x000000ab52800000) (1024K)]
  0x0000023a75ad2920 JavaThread "Signal Dispatcher"          daemon [_thread_blocked, id=8648, stack(0x000000ab52800000,0x000000ab52900000) (1024K)]
  0x0000023a75ad3380 JavaThread "Attach Listener"            daemon [_thread_blocked, id=24128, stack(0x000000ab52900000,0x000000ab52a00000) (1024K)]
  0x0000023a75ad4580 JavaThread "Service Thread"             daemon [_thread_blocked, id=2532, stack(0x000000ab52a00000,0x000000ab52b00000) (1024K)]
  0x0000023a75ad55f0 JavaThread "Monitor Deflation Thread"   daemon [_thread_blocked, id=20096, stack(0x000000ab52b00000,0x000000ab52c00000) (1024K)]
  0x0000023a75ad8b30 JavaThread "C2 CompilerThread0"         daemon [_thread_blocked, id=11024, stack(0x000000ab52c00000,0x000000ab52d00000) (1024K)]
  0x0000023a75ae7350 JavaThread "C1 CompilerThread0"         daemon [_thread_blocked, id=15164, stack(0x000000ab52d00000,0x000000ab52e00000) (1024K)]
  0x0000023a75ca8f20 JavaThread "C1 CompilerThread1"         daemon [_thread_blocked, id=25448, stack(0x000000ab52e00000,0x000000ab52f00000) (1024K)]
  0x0000023a75ca95d0 JavaThread "C1 CompilerThread2"         daemon [_thread_blocked, id=9220, stack(0x000000ab52f00000,0x000000ab53000000) (1024K)]
  0x0000023a7a086140 JavaThread "Notification Thread"        daemon [_thread_blocked, id=23912, stack(0x000000ab53000000,0x000000ab53100000) (1024K)]
  0x0000023a7a1cba20 JavaThread "C2 CompilerThread1"         daemon [_thread_blocked, id=6512, stack(0x000000ab53100000,0x000000ab53200000) (1024K)]
  0x0000023a7a3e2af0 JavaThread "C2 CompilerThread2"         daemon [_thread_blocked, id=17428, stack(0x000000ab53200000,0x000000ab53300000) (1024K)]
  0x0000023a7a478390 JavaThread "C2 CompilerThread3"         daemon [_thread_blocked, id=8704, stack(0x000000ab53300000,0x000000ab53400000) (1024K)]
  0x0000023a7a434580 JavaThread "C2 CompilerThread4"         daemon [_thread_blocked, id=3144, stack(0x000000ab53400000,0x000000ab53500000) (1024K)]
  0x0000023a7b6177d0 JavaThread "C1 CompilerThread3"         daemon [_thread_blocked, id=16868, stack(0x000000ab53900000,0x000000ab53a00000) (1024K)]
  0x0000023a7be292c0 JavaThread "Daemon health stats"               [_thread_blocked, id=12464, stack(0x000000ab53a00000,0x000000ab53b00000) (1024K)]
  0x0000023a7bd62bb0 JavaThread "Incoming local TCP Connector on port 61322"        [_thread_in_native, id=16796, stack(0x000000ab53b00000,0x000000ab53c00000) (1024K)]
  0x0000023a7bd0f1e0 JavaThread "Daemon periodic checks"            [_thread_blocked, id=2088, stack(0x000000ab53c00000,0x000000ab53d00000) (1024K)]
  0x0000023a7bea7750 JavaThread "Daemon"                            [_thread_blocked, id=22512, stack(0x000000ab54500000,0x000000ab54600000) (1024K)]
  0x0000023a7bee8b10 JavaThread "Handler for socket connection from /127.0.0.1:61322 to /127.0.0.1:61323"        [_thread_in_native, id=24156, stack(0x000000ab54600000,0x000000ab54700000) (1024K)]
  0x0000023a7bf07e60 JavaThread "Cancel handler"                    [_thread_blocked, id=7656, stack(0x000000ab54700000,0x000000ab54800000) (1024K)]
  0x0000023a7bf0ae90 JavaThread "Daemon worker"                     [_thread_blocked, id=13212, stack(0x000000ab54800000,0x000000ab54900000) (1024K)]
  0x0000023a7bf39fe0 JavaThread "Asynchronous log dispatcher for DefaultDaemonConnection: socket connection from /127.0.0.1:61322 to /127.0.0.1:61323"        [_thread_blocked, id=20568, stack(0x000000ab54b00000,0x000000ab54c00000) (1024K)]
  0x0000023a7bf3cdd0 JavaThread "Stdin handler"                     [_thread_blocked, id=22724, stack(0x000000ab54c00000,0x000000ab54d00000) (1024K)]
  0x0000023a7bf3c0b0 JavaThread "Daemon client event forwarder"        [_thread_blocked, id=22264, stack(0x000000ab54d00000,0x000000ab54e00000) (1024K)]
  0x0000023a7bf3a670 JavaThread "Cache worker for journal cache (C:\Users\LENOVO\.gradle\caches\journal-1)"        [_thread_blocked, id=21612, stack(0x000000ab54e00000,0x000000ab54f00000) (1024K)]
  0x0000023a7bf3c740 JavaThread "File lock request listener"        [_thread_in_native, id=24108, stack(0x000000ab54f00000,0x000000ab55000000) (1024K)]
  0x0000023a7bf3ba20 JavaThread "Cache worker for file hash cache (C:\Users\LENOVO\.gradle\caches\8.13\fileHashes)"        [_thread_blocked, id=24980, stack(0x000000ab55000000,0x000000ab55100000) (1024K)]
  0x0000023a7bf3ad00 JavaThread "Cache worker for file hash cache (C:\Users\LENOVO\AndroidStudioProjects\DriverApp\.gradle\8.13\fileHashes)"        [_thread_blocked, id=19868, stack(0x000000ab55100000,0x000000ab55200000) (1024K)]
  0x0000023a7bf3b390 JavaThread "Cache worker for Build Output Cleanup Cache (C:\Users\LENOVO\AndroidStudioProjects\DriverApp\.gradle\buildOutputCleanup)"        [_thread_blocked, id=19596, stack(0x000000ab55200000,0x000000ab55300000) (1024K)]
  0x0000023a00dc1390 JavaThread "File watcher server"        daemon [_thread_in_native, id=12456, stack(0x000000ab55300000,0x000000ab55400000) (1024K)]
  0x0000023a00dc1a20 JavaThread "File watcher consumer"      daemon [_thread_blocked, id=1644, stack(0x000000ab55400000,0x000000ab55500000) (1024K)]
  0x0000023a00dc20b0 JavaThread "jar transforms"                    [_thread_blocked, id=10588, stack(0x000000ab55500000,0x000000ab55600000) (1024K)]
  0x0000023a00dc7600 JavaThread "jar transforms Thread 2"           [_thread_blocked, id=24756, stack(0x000000ab55600000,0x000000ab55700000) (1024K)]
  0x0000023a00dc5530 JavaThread "jar transforms Thread 3"           [_thread_blocked, id=8196, stack(0x000000ab55700000,0x000000ab55800000) (1024K)]
  0x0000023a00dc2740 JavaThread "jar transforms Thread 4"           [_thread_blocked, id=22992, stack(0x000000ab55800000,0x000000ab55900000) (1024K)]
  0x0000023a00dc6f70 JavaThread "jar transforms Thread 5"           [_thread_blocked, id=5552, stack(0x000000ab55900000,0x000000ab55a00000) (1024K)]
  0x0000023a00dc4180 JavaThread "jar transforms Thread 6"           [_thread_blocked, id=16200, stack(0x000000ab55a00000,0x000000ab55b00000) (1024K)]
  0x0000023a00dc3af0 JavaThread "jar transforms Thread 7"           [_thread_blocked, id=9304, stack(0x000000ab55b00000,0x000000ab55c00000) (1024K)]
  0x0000023a00dc0d00 JavaThread "jar transforms Thread 8"           [_thread_blocked, id=4592, stack(0x000000ab55c00000,0x000000ab55d00000) (1024K)]
  0x0000023a00dc2dd0 JavaThread "jar transforms Thread 9"           [_thread_blocked, id=7104, stack(0x000000ab55d00000,0x000000ab55e00000) (1024K)]
  0x0000023a00dc3460 JavaThread "jar transforms Thread 10"          [_thread_blocked, id=17252, stack(0x000000ab55e00000,0x000000ab55f00000) (1024K)]
  0x0000023a00dc5bc0 JavaThread "jar transforms Thread 11"          [_thread_blocked, id=6444, stack(0x000000ab55f00000,0x000000ab56000000) (1024K)]
  0x0000023a00dc4810 JavaThread "jar transforms Thread 12"          [_thread_blocked, id=24484, stack(0x000000ab56000000,0x000000ab56100000) (1024K)]
  0x0000023a00dc4ea0 JavaThread "jar transforms Thread 13"          [_thread_blocked, id=20236, stack(0x000000ab56100000,0x000000ab56200000) (1024K)]
  0x0000023a00dc7c90 JavaThread "jar transforms Thread 14"          [_thread_blocked, id=20084, stack(0x000000ab56200000,0x000000ab56300000) (1024K)]
  0x0000023a00dc6250 JavaThread "jar transforms Thread 15"          [_thread_blocked, id=14828, stack(0x000000ab56300000,0x000000ab56400000) (1024K)]
  0x0000023a00dc68e0 JavaThread "jar transforms Thread 16"          [_thread_blocked, id=24908, stack(0x000000ab56400000,0x000000ab56500000) (1024K)]
Total: 51

Other Threads:
=>0x0000023a75a393f0 VMThread "VM Thread"                           [id=9068, stack(0x000000ab52400000,0x000000ab52500000) (1024K)]
  0x0000023a75875d50 WatcherThread "VM Periodic Task Thread"        [id=23956, stack(0x000000ab52300000,0x000000ab52400000) (1024K)]
  0x0000023a5d667a10 WorkerThread "GC Thread#0"                     [id=22624, stack(0x000000ab51e00000,0x000000ab51f00000) (1024K)]
  0x0000023a7a3e26e0 WorkerThread "GC Thread#1"                     [id=22900, stack(0x000000ab53500000,0x000000ab53600000) (1024K)]
  0x0000023a7a477bb0 WorkerThread "GC Thread#2"                     [id=24360, stack(0x000000ab53600000,0x000000ab53700000) (1024K)]
  0x0000023a7a477f50 WorkerThread "GC Thread#3"                     [id=20420, stack(0x000000ab53700000,0x000000ab53800000) (1024K)]
  0x0000023a7a26e460 WorkerThread "GC Thread#4"                     [id=3004, stack(0x000000ab53800000,0x000000ab53900000) (1024K)]
  0x0000023a7bee6ef0 WorkerThread "GC Thread#5"                     [id=21204, stack(0x000000ab53d00000,0x000000ab53e00000) (1024K)]
  0x0000023a7bee7630 WorkerThread "GC Thread#6"                     [id=3012, stack(0x000000ab53e00000,0x000000ab53f00000) (1024K)]
  0x0000023a7bee7d70 WorkerThread "GC Thread#7"                     [id=21272, stack(0x000000ab53f00000,0x000000ab54000000) (1024K)]
  0x0000023a7bee79d0 WorkerThread "GC Thread#8"                     [id=16048, stack(0x000000ab54000000,0x000000ab54100000) (1024K)]
  0x0000023a7bee7290 WorkerThread "GC Thread#9"                     [id=13692, stack(0x000000ab54100000,0x000000ab54200000) (1024K)]
  0x0000023a7bee8110 WorkerThread "GC Thread#10"                    [id=9620, stack(0x000000ab54200000,0x000000ab54300000) (1024K)]
  0x0000023a7bee84b0 WorkerThread "GC Thread#11"                    [id=22820, stack(0x000000ab54300000,0x000000ab54400000) (1024K)]
  0x0000023a7bee6b50 WorkerThread "GC Thread#12"                    [id=14552, stack(0x000000ab54400000,0x000000ab54500000) (1024K)]
  0x0000023a5d678a00 ConcurrentGCThread "G1 Main Marker"            [id=10208, stack(0x000000ab51f00000,0x000000ab52000000) (1024K)]
  0x0000023a5d67b3b0 WorkerThread "G1 Conc#0"                       [id=8260, stack(0x000000ab52000000,0x000000ab52100000) (1024K)]
  0x0000023a7bd30b70 WorkerThread "G1 Conc#1"                       [id=11128, stack(0x000000ab54900000,0x000000ab54a00000) (1024K)]
  0x0000023a7bd32870 WorkerThread "G1 Conc#2"                       [id=21288, stack(0x000000ab54a00000,0x000000ab54b00000) (1024K)]
  0x0000023a5d6ce460 ConcurrentGCThread "G1 Refine#0"               [id=13252, stack(0x000000ab52100000,0x000000ab52200000) (1024K)]
  0x0000023a7574aad0 ConcurrentGCThread "G1 Service"                [id=19788, stack(0x000000ab52200000,0x000000ab52300000) (1024K)]
Total: 21

Threads with active compile tasks:
C2 CompilerThread0  3531 4035   !   4       java.lang.ClassLoader::loadClass (121 bytes)
C2 CompilerThread2  3531 4032       4       jdk.internal.loader.URLClassPath::getResource (74 bytes)
Total: 2

VM state: at safepoint (normal execution)

VM Mutex/Monitor currently owned by a thread:  ([mutex/lock_event])
[0x00007ffd3be785b8] Threads_lock - owner thread: 0x0000023a75a393f0
[0x00007ffd3be786b8] Heap_lock - owner thread: 0x0000023a7bf0ae90

Heap address: 0x0000000080000000, size: 2048 MB, Compressed Oops mode: 32-bit

CDS archive(s) not mapped
Compressed class space mapped at: 0x0000000100000000-0x0000000140000000, reserved size: 1073741824
Narrow klass base: 0x0000000000000000, Narrow klass shift: 3, Narrow klass range: 0x140000000

GC Precious Log:
 CardTable entry size: 512
 Card Set container configuration: InlinePtr #cards 5 size 8 Array Of Cards #cards 12 size 40 Howl #buckets 4 coarsen threshold 1843 Howl Bitmap #cards 512 size 80 coarsen threshold 460 Card regions per heap region 1 cards per card region 2048
 CPUs: 16 total, 16 available
 Memory: 14173M
 Large Page Support: Disabled
 NUMA Support: Disabled
 Compressed Oops: Enabled (32-bit)
 Heap Region Size: 1M
 Heap Min Capacity: 8M
 Heap Initial Capacity: 222M
 Heap Max Capacity: 2G
 Pre-touch: Disabled
 Parallel Workers: 13
 Concurrent Workers: 3
 Concurrent Refinement Workers: 13
 Periodic GC: Disabled

Heap:
 garbage-first heap   total 88064K, used 63023K [0x0000000080000000, 0x0000000100000000)
  region size 1024K, 3 young (3072K), 3 survivors (3072K)
 Metaspace       used 41661K, committed 42688K, reserved 1114112K
  class space    used 5914K, committed 6400K, reserved 1048576K

Heap Regions: E=young(eden), S=young(survivor), O=old, HS=humongous(starts), HC=humongous(continues), CS=collection set, F=free, TAMS=top-at-mark-start, PB=parsable bottom
|   0|0x0000000080000000, 0x0000000080100000, 0x0000000080100000|100%|HS|  |TAMS 0x0000000080100000| PB 0x0000000080000000| Complete 
|   1|0x0000000080100000, 0x0000000080200000, 0x0000000080200000|100%|HC|  |TAMS 0x0000000080200000| PB 0x0000000080100000| Complete 
|   2|0x0000000080200000, 0x0000000080300000, 0x0000000080300000|100%|HC|  |TAMS 0x0000000080300000| PB 0x0000000080200000| Complete 
|   3|0x0000000080300000, 0x0000000080400000, 0x0000000080400000|100%| O|  |TAMS 0x0000000080400000| PB 0x0000000080300000| Untracked 
|   4|0x0000000080400000, 0x0000000080500000, 0x0000000080500000|100%| O|  |TAMS 0x0000000080500000| PB 0x0000000080400000| Untracked 
|   5|0x0000000080500000, 0x0000000080600000, 0x0000000080600000|100%| O|  |TAMS 0x0000000080600000| PB 0x0000000080500000| Untracked 
|   6|0x0000000080600000, 0x0000000080700000, 0x0000000080700000|100%|HS|  |TAMS 0x0000000080700000| PB 0x0000000080600000| Complete 
|   7|0x0000000080700000, 0x0000000080800000, 0x0000000080800000|100%| O|  |TAMS 0x0000000080800000| PB 0x0000000080700000| Untracked 
|   8|0x0000000080800000, 0x0000000080900000, 0x0000000080900000|100%| O|  |TAMS 0x0000000080900000| PB 0x0000000080800000| Untracked 
|   9|0x0000000080900000, 0x0000000080a00000, 0x0000000080a00000|100%| O|  |TAMS 0x0000000080a00000| PB 0x0000000080900000| Untracked 
|  10|0x0000000080a00000, 0x0000000080b00000, 0x0000000080b00000|100%| O|  |TAMS 0x0000000080b00000| PB 0x0000000080a00000| Untracked 
|  11|0x0000000080b00000, 0x0000000080c00000, 0x0000000080c00000|100%| O|  |TAMS 0x0000000080c00000| PB 0x0000000080b00000| Untracked 
|  12|0x0000000080c00000, 0x0000000080d00000, 0x0000000080d00000|100%| O|  |TAMS 0x0000000080d00000| PB 0x0000000080c00000| Untracked 
|  13|0x0000000080d00000, 0x0000000080d00000, 0x0000000080e00000|  0%| F|  |TAMS 0x0000000080d00000| PB 0x0000000080d00000| Untracked 
|  14|0x0000000080e00000, 0x0000000080f00000, 0x0000000080f00000|100%| O|  |TAMS 0x0000000080f00000| PB 0x0000000080e00000| Untracked 
|  15|0x0000000080f00000, 0x0000000081000000, 0x0000000081000000|100%| O|  |TAMS 0x0000000081000000| PB 0x0000000080f00000| Untracked 
|  16|0x0000000081000000, 0x0000000081100000, 0x0000000081100000|100%| O|  |TAMS 0x0000000081100000| PB 0x0000000081000000| Untracked 
|  17|0x0000000081100000, 0x0000000081200000, 0x0000000081200000|100%| O|  |TAMS 0x0000000081200000| PB 0x0000000081100000| Untracked 
|  18|0x0000000081200000, 0x0000000081300000, 0x0000000081300000|100%| O|  |TAMS 0x0000000081300000| PB 0x0000000081200000| Untracked 
|  19|0x0000000081300000, 0x0000000081400000, 0x0000000081400000|100%| O|  |TAMS 0x0000000081400000| PB 0x0000000081300000| Untracked 
|  20|0x0000000081400000, 0x0000000081500000, 0x0000000081500000|100%| O|  |TAMS 0x0000000081500000| PB 0x0000000081400000| Untracked 
|  21|0x0000000081500000, 0x0000000081600000, 0x0000000081600000|100%| O|  |TAMS 0x0000000081600000| PB 0x0000000081500000| Untracked 
|  22|0x0000000081600000, 0x0000000081700000, 0x0000000081700000|100%|HS|  |TAMS 0x0000000081700000| PB 0x0000000081600000| Complete 
|  23|0x0000000081700000, 0x0000000081800000, 0x0000000081800000|100%|HC|  |TAMS 0x0000000081800000| PB 0x0000000081700000| Complete 
|  24|0x0000000081800000, 0x0000000081900000, 0x0000000081900000|100%|HC|  |TAMS 0x0000000081900000| PB 0x0000000081800000| Complete 
|  25|0x0000000081900000, 0x0000000081a00000, 0x0000000081a00000|100%|HC|  |TAMS 0x0000000081a00000| PB 0x0000000081900000| Complete 
|  26|0x0000000081a00000, 0x0000000081b00000, 0x0000000081b00000|100%|HC|  |TAMS 0x0000000081b00000| PB 0x0000000081a00000| Complete 
|  27|0x0000000081b00000, 0x0000000081c00000, 0x0000000081c00000|100%|HC|  |TAMS 0x0000000081c00000| PB 0x0000000081b00000| Complete 
|  28|0x0000000081c00000, 0x0000000081d00000, 0x0000000081d00000|100%|HS|  |TAMS 0x0000000081d00000| PB 0x0000000081c00000| Complete 
|  29|0x0000000081d00000, 0x0000000081e00000, 0x0000000081e00000|100%|HS|  |TAMS 0x0000000081e00000| PB 0x0000000081d00000| Complete 
|  30|0x0000000081e00000, 0x0000000081f00000, 0x0000000081f00000|100%|HC|  |TAMS 0x0000000081f00000| PB 0x0000000081e00000| Complete 
|  31|0x0000000081f00000, 0x0000000082000000, 0x0000000082000000|100%|HC|  |TAMS 0x0000000082000000| PB 0x0000000081f00000| Complete 
|  32|0x0000000082000000, 0x0000000082100000, 0x0000000082100000|100%|HC|  |TAMS 0x0000000082100000| PB 0x0000000082000000| Complete 
|  33|0x0000000082100000, 0x0000000082200000, 0x0000000082200000|100%|HS|  |TAMS 0x0000000082200000| PB 0x0000000082100000| Complete 
|  34|0x0000000082200000, 0x0000000082300000, 0x0000000082300000|100%|HC|  |TAMS 0x0000000082300000| PB 0x0000000082200000| Complete 
|  35|0x0000000082300000, 0x0000000082400000, 0x0000000082400000|100%|HS|  |TAMS 0x0000000082400000| PB 0x0000000082300000| Complete 
|  36|0x0000000082400000, 0x0000000082500000, 0x0000000082500000|100%|HS|  |TAMS 0x0000000082500000| PB 0x0000000082400000| Complete 
|  37|0x0000000082500000, 0x0000000082600000, 0x0000000082600000|100%|HC|  |TAMS 0x0000000082600000| PB 0x0000000082500000| Complete 
|  38|0x0000000082600000, 0x0000000082700000, 0x0000000082700000|100%|HC|  |TAMS 0x0000000082700000| PB 0x0000000082600000| Complete 
|  39|0x0000000082700000, 0x0000000082800000, 0x0000000082800000|100%|HC|  |TAMS 0x0000000082800000| PB 0x0000000082700000| Complete 
|  40|0x0000000082800000, 0x0000000082900000, 0x0000000082900000|100%|HC|  |TAMS 0x0000000082900000| PB 0x0000000082800000| Complete 
|  41|0x0000000082900000, 0x0000000082a00000, 0x0000000082a00000|100%|HC|  |TAMS 0x0000000082a00000| PB 0x0000000082900000| Complete 
|  42|0x0000000082a00000, 0x0000000082b00000, 0x0000000082b00000|100%|HS|  |TAMS 0x0000000082b00000| PB 0x0000000082a00000| Complete 
|  43|0x0000000082b00000, 0x0000000082c00000, 0x0000000082c00000|100%|HS|  |TAMS 0x0000000082c00000| PB 0x0000000082b00000| Complete 
|  44|0x0000000082c00000, 0x0000000082d00000, 0x0000000082d00000|100%|HC|  |TAMS 0x0000000082d00000| PB 0x0000000082c00000| Complete 
|  45|0x0000000082d00000, 0x0000000082e00000, 0x0000000082e00000|100%|HC|  |TAMS 0x0000000082e00000| PB 0x0000000082d00000| Complete 
|  46|0x0000000082e00000, 0x0000000082f00000, 0x0000000082f00000|100%|HC|  |TAMS 0x0000000082f00000| PB 0x0000000082e00000| Complete 
|  47|0x0000000082f00000, 0x0000000083000000, 0x0000000083000000|100%|HS|  |TAMS 0x0000000083000000| PB 0x0000000082f00000| Complete 
|  48|0x0000000083000000, 0x0000000083100000, 0x0000000083100000|100%|HC|  |TAMS 0x0000000083100000| PB 0x0000000083000000| Complete 
|  49|0x0000000083100000, 0x0000000083200000, 0x0000000083200000|100%|HS|  |TAMS 0x0000000083200000| PB 0x0000000083100000| Complete 
|  50|0x0000000083200000, 0x0000000083300000, 0x0000000083300000|100%| O|  |TAMS 0x0000000083300000| PB 0x0000000083200000| Untracked 
|  51|0x0000000083300000, 0x0000000083400000, 0x0000000083400000|100%| O|  |TAMS 0x0000000083400000| PB 0x0000000083300000| Untracked 
|  52|0x0000000083400000, 0x0000000083500000, 0x0000000083500000|100%| O|  |TAMS 0x0000000083500000| PB 0x0000000083400000| Untracked 
|  53|0x0000000083500000, 0x0000000083600000, 0x0000000083600000|100%| O|  |TAMS 0x0000000083600000| PB 0x0000000083500000| Untracked 
|  54|0x0000000083600000, 0x0000000083700000, 0x0000000083700000|100%| O|  |TAMS 0x0000000083700000| PB 0x0000000083600000| Untracked 
|  55|0x0000000083700000, 0x0000000083800000, 0x0000000083800000|100%| O|  |TAMS 0x0000000083800000| PB 0x0000000083700000| Untracked 
|  56|0x0000000083800000, 0x000000008384ffd0, 0x0000000083900000| 31%| O|  |TAMS 0x000000008384ffd0| PB 0x0000000083800000| Untracked 
|  57|0x0000000083900000, 0x0000000083900000, 0x0000000083a00000|  0%| F|  |TAMS 0x0000000083900000| PB 0x0000000083900000| Untracked 
|  58|0x0000000083a00000, 0x0000000083a00000, 0x0000000083b00000|  0%| F|  |TAMS 0x0000000083a00000| PB 0x0000000083a00000| Untracked 
|  59|0x0000000083b00000, 0x0000000083b00000, 0x0000000083c00000|  0%| F|  |TAMS 0x0000000083b00000| PB 0x0000000083b00000| Untracked 
|  60|0x0000000083c00000, 0x0000000083c00000, 0x0000000083d00000|  0%| F|  |TAMS 0x0000000083c00000| PB 0x0000000083c00000| Untracked 
|  61|0x0000000083d00000, 0x0000000083d00000, 0x0000000083e00000|  0%| F|  |TAMS 0x0000000083d00000| PB 0x0000000083d00000| Untracked 
|  62|0x0000000083e00000, 0x0000000083e3bd88, 0x0000000083f00000| 23%| S|CS|TAMS 0x0000000083e00000| PB 0x0000000083e00000| Complete 
|  63|0x0000000083f00000, 0x0000000084000000, 0x0000000084000000|100%| S|CS|TAMS 0x0000000083f00000| PB 0x0000000083f00000| Complete 
|  64|0x0000000084000000, 0x0000000084100000, 0x0000000084100000|100%| S|CS|TAMS 0x0000000084000000| PB 0x0000000084000000| Complete 
|  65|0x0000000084100000, 0x0000000084100000, 0x0000000084200000|  0%| F|  |TAMS 0x0000000084100000| PB 0x0000000084100000| Untracked 
|  66|0x0000000084200000, 0x0000000084200000, 0x0000000084300000|  0%| F|  |TAMS 0x0000000084200000| PB 0x0000000084200000| Untracked 
|  67|0x0000000084300000, 0x0000000084300000, 0x0000000084400000|  0%| F|  |TAMS 0x0000000084300000| PB 0x0000000084300000| Untracked 
|  68|0x0000000084400000, 0x0000000084400000, 0x0000000084500000|  0%| F|  |TAMS 0x0000000084400000| PB 0x0000000084400000| Untracked 
|  69|0x0000000084500000, 0x0000000084500000, 0x0000000084600000|  0%| F|  |TAMS 0x0000000084500000| PB 0x0000000084500000| Untracked 
|  70|0x0000000084600000, 0x0000000084600000, 0x0000000084700000|  0%| F|  |TAMS 0x0000000084600000| PB 0x0000000084600000| Untracked 
|  71|0x0000000084700000, 0x0000000084700000, 0x0000000084800000|  0%| F|  |TAMS 0x0000000084700000| PB 0x0000000084700000| Untracked 
|  72|0x0000000084800000, 0x0000000084800000, 0x0000000084900000|  0%| F|  |TAMS 0x0000000084800000| PB 0x0000000084800000| Untracked 
|  73|0x0000000084900000, 0x0000000084900000, 0x0000000084a00000|  0%| F|  |TAMS 0x0000000084900000| PB 0x0000000084900000| Untracked 
|  74|0x0000000084a00000, 0x0000000084a00000, 0x0000000084b00000|  0%| F|  |TAMS 0x0000000084a00000| PB 0x0000000084a00000| Untracked 
| 209|0x000000008d100000, 0x000000008d100000, 0x000000008d200000|  0%| F|  |TAMS 0x000000008d100000| PB 0x000000008d100000| Untracked 
| 210|0x000000008d200000, 0x000000008d200000, 0x000000008d300000|  0%| F|  |TAMS 0x000000008d200000| PB 0x000000008d200000| Untracked 
| 211|0x000000008d300000, 0x000000008d300000, 0x000000008d400000|  0%| F|  |TAMS 0x000000008d300000| PB 0x000000008d300000| Untracked 
| 212|0x000000008d400000, 0x000000008d400000, 0x000000008d500000|  0%| F|  |TAMS 0x000000008d400000| PB 0x000000008d400000| Untracked 
| 213|0x000000008d500000, 0x000000008d500000, 0x000000008d600000|  0%| F|  |TAMS 0x000000008d500000| PB 0x000000008d500000| Untracked 
| 214|0x000000008d600000, 0x000000008d600000, 0x000000008d700000|  0%| F|  |TAMS 0x000000008d600000| PB 0x000000008d600000| Untracked 
| 221|0x000000008dd00000, 0x000000008dd00000, 0x000000008de00000|  0%| F|  |TAMS 0x000000008dd00000| PB 0x000000008dd00000| Untracked 
|2044|0x00000000ffc00000, 0x00000000ffd00000, 0x00000000ffd00000|100%| O|  |TAMS 0x00000000ffd00000| PB 0x00000000ffc00000| Untracked 
|2045|0x00000000ffd00000, 0x00000000ffe00000, 0x00000000ffe00000|100%| O|  |TAMS 0x00000000ffe00000| PB 0x00000000ffd00000| Untracked 
|2046|0x00000000ffe00000, 0x00000000fff00000, 0x00000000fff00000|100%| O|  |TAMS 0x00000000fff00000| PB 0x00000000ffe00000| Untracked 
|2047|0x00000000fff00000, 0x0000000100000000, 0x0000000100000000|100%| O|  |TAMS 0x0000000100000000| PB 0x00000000fff00000| Untracked 

Card table byte_map: [0x0000023a703f0000,0x0000023a707f0000] _byte_map_base: 0x0000023a6fff0000

Marking Bits: (CMBitMap*) 0x0000023a5d667fb0
 Bits: [0x0000023a707f0000, 0x0000023a727f0000)

Polling page: 0x0000023a5b4a0000

Metaspace:

Usage:
  Non-class:     34.91 MB used.
      Class:      5.78 MB used.
       Both:     40.68 MB used.

Virtual space:
  Non-class space:       64.00 MB reserved,      35.44 MB ( 55%) committed,  1 nodes.
      Class space:        1.00 GB reserved,       6.25 MB ( <1%) committed,  1 nodes.
             Both:        1.06 GB reserved,      41.69 MB (  4%) committed. 

Chunk freelists:
   Non-Class:  12.17 MB
       Class:  9.67 MB
        Both:  21.84 MB

MaxMetaspaceSize: unlimited
CompressedClassSpaceSize: 1.00 GB
Initial GC threshold: 21.00 MB
Current GC threshold: 58.75 MB
CDS: off
 - commit_granule_bytes: 65536.
 - commit_granule_words: 8192.
 - virtual_space_node_default_size: 8388608.
 - enlarge_chunks_in_place: 1.
 - use_allocation_guard: 0.


Internal statistics:

num_allocs_failed_limit: 6.
num_arena_births: 1660.
num_arena_deaths: 0.
num_vsnodes_births: 2.
num_vsnodes_deaths: 0.
num_space_committed: 667.
num_space_uncommitted: 0.
num_chunks_returned_to_freelist: 6.
num_chunks_taken_from_freelist: 3158.
num_chunk_merges: 3.
num_chunk_splits: 1992.
num_chunks_enlarged: 1210.
num_inconsistent_stats: 0.

CodeHeap 'non-profiled nmethods': size=119168Kb used=2249Kb max_used=2249Kb free=116919Kb
 bounds [0x0000023a68300000, 0x0000023a68570000, 0x0000023a6f760000]
CodeHeap 'profiled nmethods': size=119104Kb used=7415Kb max_used=7415Kb free=111688Kb
 bounds [0x0000023a60760000, 0x0000023a60ea0000, 0x0000023a67bb0000]
CodeHeap 'non-nmethods': size=7488Kb used=3226Kb max_used=3255Kb free=4261Kb
 bounds [0x0000023a67bb0000, 0x0000023a67ef0000, 0x0000023a68300000]
CodeCache: size=245760Kb, used=12890Kb, max_used=12919Kb, free=232868Kb
 total_blobs=4349, nmethods=3752, adapters=496, full_count=0
Compilation: enabled, stopped_count=0, restarted_count=0

Compilation events (20 events):
Event: 3.507 Thread 0x0000023a75ca95d0 nmethod 4185 0x0000023a60e97a90 code [0x0000023a60e97c40, 0x0000023a60e97de8]
Event: 3.507 Thread 0x0000023a75ae7350 nmethod 4186 0x0000023a60e97f10 code [0x0000023a60e98100, 0x0000023a60e98508]
Event: 3.507 Thread 0x0000023a7a478390 nmethod 4187 0x0000023a68531e10 code [0x0000023a68531fa0, 0x0000023a68532028]
Event: 3.507 Thread 0x0000023a7b6177d0 nmethod 4184 0x0000023a60e98690 code [0x0000023a60e98960, 0x0000023a60e99720]
Event: 3.508 Thread 0x0000023a75ca95d0 4188       3       java.util.StringJoiner::add (110 bytes)
Event: 3.508 Thread 0x0000023a75ca8f20 4189       3       java.lang.Class::privateGetPublicMethods (224 bytes)
Event: 3.508 Thread 0x0000023a75ca95d0 nmethod 4188 0x0000023a60e99c10 code [0x0000023a60e99e60, 0x0000023a60e9a8a8]
Event: 3.509 Thread 0x0000023a75ca8f20 nmethod 4189 0x0000023a60e9ac90 code [0x0000023a60e9af60, 0x0000023a60e9bc08]
Event: 3.509 Thread 0x0000023a75ae7350 4190       3       org.codehaus.groovy.reflection.CachedClass::getInterfaces (11 bytes)
Event: 3.509 Thread 0x0000023a75ae7350 nmethod 4190 0x0000023a60e9c290 code [0x0000023a60e9c440, 0x0000023a60e9c700]
Event: 3.509 Thread 0x0000023a7b6177d0 4191       3       org.codehaus.groovy.util.ReferenceType$1::createReference (11 bytes)
Event: 3.509 Thread 0x0000023a75ca95d0 4192       3       org.codehaus.groovy.util.ReferenceType$SoftRef::<init> (12 bytes)
Event: 3.510 Thread 0x0000023a75ca95d0 nmethod 4192 0x0000023a60e9c810 code [0x0000023a60e9c9e0, 0x0000023a60e9cd78]
Event: 3.510 Thread 0x0000023a7b6177d0 nmethod 4191 0x0000023a60e9ce90 code [0x0000023a60e9d060, 0x0000023a60e9d4c0]
Event: 3.511 Thread 0x0000023a7a478390 4193       4       java.lang.reflect.Modifier::isPrivate (12 bytes)
Event: 3.511 Thread 0x0000023a75ca8f20 4194       3       java.util.LinkedList$ListItr::hasNext (20 bytes)
Event: 3.511 Thread 0x0000023a75ae7350 4195       3       java.util.concurrent.atomic.AtomicInteger::<init> (5 bytes)
Event: 3.511 Thread 0x0000023a75ca8f20 nmethod 4194 0x0000023a60e9d690 code [0x0000023a60e9d840, 0x0000023a60e9d9b0]
Event: 3.511 Thread 0x0000023a7a478390 nmethod 4193 0x0000023a68532110 code [0x0000023a68532280, 0x0000023a685322f0]
Event: 3.511 Thread 0x0000023a75ae7350 nmethod 4195 0x0000023a60e9da90 code [0x0000023a60e9dc40, 0x0000023a60e9de08]

GC Heap History (19 events):
Event: 0.364 GC heap before
{Heap before GC invocations=0 (full 0):
 garbage-first heap   total 227328K, used 22528K [0x0000000080000000, 0x0000000100000000)
  region size 1024K, 23 young (23552K), 0 survivors (0K)
 Metaspace       used 7817K, committed 7936K, reserved 1114112K
  class space    used 724K, committed 768K, reserved 1048576K
}
Event: 0.366 GC heap after
{Heap after GC invocations=1 (full 0):
 garbage-first heap   total 227328K, used 1689K [0x0000000080000000, 0x0000000100000000)
  region size 1024K, 2 young (2048K), 2 survivors (2048K)
 Metaspace       used 7817K, committed 7936K, reserved 1114112K
  class space    used 724K, committed 768K, reserved 1048576K
}
Event: 0.818 GC heap before
{Heap before GC invocations=1 (full 0):
 garbage-first heap   total 227328K, used 40601K [0x0000000080000000, 0x0000000100000000)
  region size 1024K, 38 young (38912K), 2 survivors (2048K)
 Metaspace       used 12418K, committed 12608K, reserved 1114112K
  class space    used 1349K, committed 1408K, reserved 1048576K
}
Event: 0.823 GC heap after
{Heap after GC invocations=2 (full 0):
 garbage-first heap   total 227328K, used 10631K [0x0000000080000000, 0x0000000100000000)
  region size 1024K, 5 young (5120K), 5 survivors (5120K)
 Metaspace       used 12418K, committed 12608K, reserved 1114112K
  class space    used 1349K, committed 1408K, reserved 1048576K
}
Event: 1.601 GC heap before
{Heap before GC invocations=2 (full 0):
 garbage-first heap   total 227328K, used 77191K [0x0000000080000000, 0x0000000100000000)
  region size 1024K, 68 young (69632K), 5 survivors (5120K)
 Metaspace       used 19914K, committed 20288K, reserved 1114112K
  class space    used 2327K, committed 2496K, reserved 1048576K
}
Event: 1.607 GC heap after
{Heap after GC invocations=3 (full 0):
 garbage-first heap   total 227328K, used 18973K [0x0000000080000000, 0x0000000100000000)
  region size 1024K, 9 young (9216K), 9 survivors (9216K)
 Metaspace       used 19914K, committed 20288K, reserved 1114112K
  class space    used 2327K, committed 2496K, reserved 1048576K
}
Event: 1.680 GC heap before
{Heap before GC invocations=3 (full 0):
 garbage-first heap   total 227328K, used 25117K [0x0000000080000000, 0x0000000100000000)
  region size 1024K, 16 young (16384K), 9 survivors (9216K)
 Metaspace       used 21254K, committed 21504K, reserved 1114112K
  class space    used 2509K, committed 2624K, reserved 1048576K
}
Event: 1.683 GC heap after
{Heap after GC invocations=4 (full 0):
 garbage-first heap   total 227328K, used 20271K [0x0000000080000000, 0x0000000100000000)
  region size 1024K, 6 young (6144K), 6 survivors (6144K)
 Metaspace       used 21254K, committed 21504K, reserved 1114112K
  class space    used 2509K, committed 2624K, reserved 1048576K
}
Event: 2.274 GC heap before
{Heap before GC invocations=5 (full 0):
 garbage-first heap   total 68608K, used 68399K [0x0000000080000000, 0x0000000100000000)
  region size 1024K, 53 young (54272K), 6 survivors (6144K)
 Metaspace       used 29090K, committed 29632K, reserved 1114112K
  class space    used 3770K, committed 4032K, reserved 1048576K
}
Event: 2.278 GC heap after
{Heap after GC invocations=6 (full 0):
 garbage-first heap   total 77824K, used 22448K [0x0000000080000000, 0x0000000100000000)
  region size 1024K, 9 young (9216K), 9 survivors (9216K)
 Metaspace       used 29090K, committed 29632K, reserved 1114112K
  class space    used 3770K, committed 4032K, reserved 1048576K
}
Event: 2.675 GC heap before
{Heap before GC invocations=6 (full 0):
 garbage-first heap   total 77824K, used 58288K [0x0000000080000000, 0x0000000100000000)
  region size 1024K, 45 young (46080K), 9 survivors (9216K)
 Metaspace       used 33707K, committed 34432K, reserved 1114112K
  class space    used 4591K, committed 4928K, reserved 1048576K
}
Event: 2.679 GC heap after
{Heap after GC invocations=7 (full 0):
 garbage-first heap   total 77824K, used 25024K [0x0000000080000000, 0x0000000100000000)
  region size 1024K, 6 young (6144K), 6 survivors (6144K)
 Metaspace       used 33707K, committed 34432K, reserved 1114112K
  class space    used 4591K, committed 4928K, reserved 1048576K
}
Event: 2.785 GC heap before
{Heap before GC invocations=7 (full 0):
 garbage-first heap   total 77824K, used 34240K [0x0000000080000000, 0x0000000100000000)
  region size 1024K, 16 young (16384K), 6 survivors (6144K)
 Metaspace       used 35158K, committed 35968K, reserved 1114112K
  class space    used 4869K, committed 5248K, reserved 1048576K
}
Event: 2.788 GC heap after
{Heap after GC invocations=8 (full 0):
 garbage-first heap   total 77824K, used 25482K [0x0000000080000000, 0x0000000100000000)
  region size 1024K, 4 young (4096K), 4 survivors (4096K)
 Metaspace       used 35158K, committed 35968K, reserved 1114112K
  class space    used 4869K, committed 5248K, reserved 1048576K
}
Event: 3.105 GC heap before
{Heap before GC invocations=9 (full 0):
 garbage-first heap   total 77824K, used 75658K [0x0000000080000000, 0x0000000100000000)
  region size 1024K, 26 young (26624K), 4 survivors (4096K)
 Metaspace       used 37179K, committed 38080K, reserved 1114112K
  class space    used 5231K, committed 5632K, reserved 1048576K
}
Event: 3.110 GC heap after
{Heap after GC invocations=10 (full 0):
 garbage-first heap   total 88064K, used 60983K [0x0000000080000000, 0x0000000100000000)
  region size 1024K, 6 young (6144K), 6 survivors (6144K)
 Metaspace       used 37179K, committed 38080K, reserved 1114112K
  class space    used 5231K, committed 5632K, reserved 1048576K
}
Event: 3.276 GC heap before
{Heap before GC invocations=10 (full 0):
 garbage-first heap   total 88064K, used 76343K [0x0000000080000000, 0x0000000100000000)
  region size 1024K, 21 young (21504K), 6 survivors (6144K)
 Metaspace       used 39164K, committed 40128K, reserved 1114112K
  class space    used 5512K, committed 5952K, reserved 1048576K
}
Event: 3.279 GC heap after
{Heap after GC invocations=11 (full 0):
 garbage-first heap   total 88064K, used 61547K [0x0000000080000000, 0x0000000100000000)
  region size 1024K, 1 young (1024K), 1 survivors (1024K)
 Metaspace       used 39164K, committed 40128K, reserved 1114112K
  class space    used 5512K, committed 5952K, reserved 1048576K
}
Event: 3.512 GC heap before
{Heap before GC invocations=11 (full 0):
 garbage-first heap   total 88064K, used 77931K [0x0000000080000000, 0x0000000100000000)
  region size 1024K, 18 young (18432K), 1 survivors (1024K)
 Metaspace       used 41661K, committed 42688K, reserved 1114112K
  class space    used 5914K, committed 6400K, reserved 1048576K
}

Dll operation events (3 events):
Event: 0.007 Loaded shared library C:\Program Files\Android\Android Studio\jbr\bin\java.dll
Event: 0.012 Loaded shared library C:\Program Files\Android\Android Studio\jbr\bin\zip.dll
Event: 0.448 Loaded shared library C:\Program Files\Android\Android Studio\jbr\bin\verify.dll

Deoptimization events (20 events):
Event: 3.462 Thread 0x0000023a7bf0ae90 Uncommon trap: trap_request=0xffffff45 fr.pc=0x0000023a6843bd60 relative=0x0000000000000640
Event: 3.462 Thread 0x0000023a7bf0ae90 Uncommon trap: reason=unstable_if action=reinterpret pc=0x0000023a6843bd60 method=jdk.internal.org.objectweb.asm.MethodWriter.visitVarInsn(II)V @ 108 c2
Event: 3.462 Thread 0x0000023a7bf0ae90 DEOPT PACKING pc=0x0000023a6843bd60 sp=0x000000ab548ee420
Event: 3.462 Thread 0x0000023a7bf0ae90 DEOPT UNPACKING pc=0x0000023a67c046a2 sp=0x000000ab548ee3e8 mode 2
Event: 3.462 Thread 0x0000023a7bf0ae90 Uncommon trap: trap_request=0xffffff45 fr.pc=0x0000023a684fd820 relative=0x0000000000000480
Event: 3.462 Thread 0x0000023a7bf0ae90 Uncommon trap: reason=unstable_if action=reinterpret pc=0x0000023a684fd820 method=jdk.internal.org.objectweb.asm.MethodWriter.visitMethodInsn(ILjava/lang/String;Ljava/lang/String;Ljava/lang/String;Z)V @ 81 c2
Event: 3.462 Thread 0x0000023a7bf0ae90 DEOPT PACKING pc=0x0000023a684fd820 sp=0x000000ab548ee410
Event: 3.462 Thread 0x0000023a7bf0ae90 DEOPT UNPACKING pc=0x0000023a67c046a2 sp=0x000000ab548ee3b0 mode 2
Event: 3.462 Thread 0x0000023a7bf0ae90 Uncommon trap: trap_request=0xffffff45 fr.pc=0x0000023a684ffe04 relative=0x0000000000000964
Event: 3.462 Thread 0x0000023a7bf0ae90 Uncommon trap: reason=unstable_if action=reinterpret pc=0x0000023a684ffe04 method=jdk.internal.org.objectweb.asm.MethodWriter.visitInsn(I)V @ 24 c2
Event: 3.462 Thread 0x0000023a7bf0ae90 DEOPT PACKING pc=0x0000023a684ffe04 sp=0x000000ab548ee400
Event: 3.462 Thread 0x0000023a7bf0ae90 DEOPT UNPACKING pc=0x0000023a67c046a2 sp=0x000000ab548ee3e8 mode 2
Event: 3.464 Thread 0x0000023a7bf0ae90 Uncommon trap: trap_request=0xffffff45 fr.pc=0x0000023a6846c2b8 relative=0x0000000000001378
Event: 3.464 Thread 0x0000023a7bf0ae90 Uncommon trap: reason=unstable_if action=reinterpret pc=0x0000023a6846c2b8 method=java.lang.invoke.LambdaForm.useCount(Ljava/lang/invoke/LambdaForm$Name;)I @ 8 c2
Event: 3.464 Thread 0x0000023a7bf0ae90 DEOPT PACKING pc=0x0000023a6846c2b8 sp=0x000000ab548f3e30
Event: 3.464 Thread 0x0000023a7bf0ae90 DEOPT UNPACKING pc=0x0000023a67c046a2 sp=0x000000ab548f3c90 mode 2
Event: 3.491 Thread 0x0000023a7bf0ae90 Uncommon trap: trap_request=0xffffff45 fr.pc=0x0000023a683fa130 relative=0x0000000000001690
Event: 3.491 Thread 0x0000023a7bf0ae90 Uncommon trap: reason=unstable_if action=reinterpret pc=0x0000023a683fa130 method=java.util.concurrent.ConcurrentHashMap.computeIfAbsent(Ljava/lang/Object;Ljava/util/function/Function;)Ljava/lang/Object; @ 312 c2
Event: 3.491 Thread 0x0000023a7bf0ae90 DEOPT PACKING pc=0x0000023a683fa130 sp=0x000000ab548f3580
Event: 3.491 Thread 0x0000023a7bf0ae90 DEOPT UNPACKING pc=0x0000023a67c046a2 sp=0x000000ab548f34f8 mode 2

Classes loaded (20 events):
Event: 3.462 Loading class java/lang/invoke/MethodHandleImpl$BindCaller$1
Event: 3.462 Loading class java/lang/invoke/MethodHandleImpl$BindCaller$1 done
Event: 3.463 Loading class java/lang/invoke/MethodHandleImpl$BindCaller$InjectedInvokerHolder
Event: 3.463 Loading class java/lang/invoke/MethodHandleImpl$BindCaller$InjectedInvokerHolder done
Event: 3.463 Loading class java/util/Collections$CopiesList
Event: 3.463 Loading class java/util/Collections$CopiesList done
Event: 3.465 Loading class java/util/LinkedList$ListItr
Event: 3.465 Loading class java/util/LinkedList$ListItr done
Event: 3.480 Loading class java/lang/reflect/GenericSignatureFormatError
Event: 3.480 Loading class java/lang/reflect/GenericSignatureFormatError done
Event: 3.480 Loading class java/lang/reflect/MalformedParameterizedTypeException
Event: 3.480 Loading class java/lang/reflect/MalformedParameterizedTypeException done
Event: 3.485 Loading class java/lang/IllegalCallerException
Event: 3.485 Loading class java/lang/IllegalCallerException done
Event: 3.498 Loading class java/util/HashMap$KeySpliterator
Event: 3.499 Loading class java/util/HashMap$KeySpliterator done
Event: 3.508 Loading class java/lang/ProcessHandle$Info
Event: 3.509 Loading class java/lang/ProcessHandle$Info done
Event: 3.509 Loading class java/lang/ProcessHandle
Event: 3.509 Loading class java/lang/ProcessHandle done

Classes unloaded (0 events):
No events

Classes redefined (0 events):
No events

Internal exceptions (20 events):
Event: 3.000 Thread 0x0000023a7bf0ae90 Exception <a 'java/lang/NoSuchMethodError'{0x000000008399b858}: static Lorg/gradle/tooling/internal/consumer/versioning/VersionDetails$R44VersionDetails;.<clinit>()V> (0x000000008399b858) 
thrown [s\src\hotspot\share\prims\jni.cpp, line 1144]
Event: 3.000 Thread 0x0000023a7bf0ae90 Exception <a 'java/lang/NoSuchMethodError'{0x000000008399cf00}: static Lorg/gradle/tooling/internal/consumer/versioning/VersionDetails$R48VersionDetails;.<clinit>()V> (0x000000008399cf00) 
thrown [s\src\hotspot\share\prims\jni.cpp, line 1144]
Event: 3.000 Thread 0x0000023a7bf0ae90 Exception <a 'java/lang/NoSuchMethodError'{0x000000008399e198}: static Lorg/gradle/tooling/internal/consumer/versioning/VersionDetails$R51VersionDetails;.<clinit>()V> (0x000000008399e198) 
thrown [s\src\hotspot\share\prims\jni.cpp, line 1144]
Event: 3.002 Thread 0x0000023a7bf0ae90 Exception <a 'java/lang/NoSuchMethodError'{0x00000000839c1dd8}: 'java.lang.Object java.lang.invoke.DirectMethodHandle$Holder.newInvokeSpecial(java.lang.Object, java.lang.Object, java.lang.Object, int)'> (0x00000000839c1dd8) 
thrown [s\src\hotspot\share\interpreter\linkResolver.cpp, line 784]
Event: 3.003 Thread 0x0000023a7bf0ae90 Exception <a 'java/lang/NoSuchMethodError'{0x00000000839c6240}: 'java.lang.Object java.lang.invoke.DirectMethodHandle$Holder.invokeSpecial(java.lang.Object, java.lang.Object, java.lang.Object, java.lang.Object, int)'> (0x00000000839c6240) 
thrown [s\src\hotspot\share\interpreter\linkResolver.cpp, line 784]
Event: 3.003 Thread 0x0000023a7bf0ae90 Exception <a 'java/lang/NoSuchMethodError'{0x00000000839c9e48}: 'java.lang.Object java.lang.invoke.Invokers$Holder.linkToTargetMethod(java.lang.Object, java.lang.Object, int, java.lang.Object)'> (0x00000000839c9e48) 
thrown [s\src\hotspot\share\interpreter\linkResolver.cpp, line 784]
Event: 3.097 Thread 0x0000023a7bf0ae90 Exception <a 'java/lang/NoSuchMethodError'{0x000000008323a1c8}: 'void java.lang.invoke.DirectMethodHandle$Holder.invokeStaticInit(java.lang.Object, java.lang.Object, java.lang.Object, java.lang.Object)'> (0x000000008323a1c8) 
thrown [s\src\hotspot\share\interpreter\linkResolver.cpp, line 784]
Event: 3.185 Thread 0x0000023a7bf0ae90 Exception <a 'java/lang/NoSuchMethodError'{0x000000008d110560}: 'void java.lang.invoke.DirectMethodHandle$Holder.invokeInterface(java.lang.Object, java.lang.Object, java.lang.Object, java.lang.Object, java.lang.Object)'> (0x000000008d110560) 
thrown [s\src\hotspot\share\interpreter\linkResolver.cpp, line 784]
Event: 3.188 Thread 0x0000023a7bf0ae90 Exception <a 'java/lang/NoSuchMethodError'{0x000000008d15c4a0}: 'void java.lang.invoke.DirectMethodHandle$Holder.invokeStatic(java.lang.Object, java.lang.Object, java.lang.Object, java.lang.Object, java.lang.Object, java.lang.Object)'> (0x000000008d15c4a0) 
thrown [s\src\hotspot\share\interpreter\linkResolver.cpp, line 784]
Event: 3.288 Thread 0x0000023a7bf0ae90 Exception <a 'java/lang/IncompatibleClassChangeError'{0x000000008dd980b8}: Found class java.lang.Object, but interface was expected> (0x000000008dd980b8) 
thrown [s\src\hotspot\share\interpreter\linkResolver.cpp, line 851]
Event: 3.308 Thread 0x0000023a7bf0ae90 Exception <a 'java/lang/NoSuchMethodError'{0x000000008d531868}: 'java.lang.Object java.lang.invoke.DirectMethodHandle$Holder.invokeVirtual(java.lang.Object, java.lang.Object, int)'> (0x000000008d531868) 
thrown [s\src\hotspot\share\interpreter\linkResolver.cpp, line 784]
Event: 3.311 Thread 0x0000023a7bf0ae90 Exception <a 'java/lang/NoSuchMethodError'{0x000000008d5651d8}: 'void java.lang.invoke.DirectMethodHandle$Holder.invokeStatic(java.lang.Object, java.lang.Object, java.lang.Object, int)'> (0x000000008d5651d8) 
thrown [s\src\hotspot\share\interpreter\linkResolver.cpp, line 784]
Event: 3.349 Thread 0x0000023a7bf0ae90 Exception <a 'java/lang/NoSuchMethodError'{0x000000008d25d740}: 'void java.lang.invoke.DirectMethodHandle$Holder.invokeInterface(java.lang.Object, java.lang.Object, java.lang.Object, java.lang.Object, java.lang.Object, java.lang.Object, java.lang.Object)'> (0x000000008d25d740) 
thrown [s\src\hotspot\share\interpreter\linkResolver.cpp, line 784]
Event: 3.349 Thread 0x0000023a7bf0ae90 Exception <a 'java/lang/NoSuchMethodError'{0x000000008d262628}: 'void java.lang.invoke.DelegatingMethodHandle$Holder.reinvoke_L(java.lang.Object, java.lang.Object, java.lang.Object, java.lang.Object, java.lang.Object, java.lang.Object, java.lang.Object)'> (0x000000008d262628) 
thrown [s\src\hotspot\share\interpreter\linkResolver.cpp, line 784]
Event: 3.379 Thread 0x0000023a7bf0ae90 Exception <a 'java/lang/NoSuchMethodError'{0x0000000084a65b80}: 'java.lang.Object java.lang.invoke.DirectMethodHandle$Holder.invokeSpecial(java.lang.Object, java.lang.Object, java.lang.Object, int, java.lang.Object, java.lang.Object)'> (0x0000000084a65b80) 
thrown [s\src\hotspot\share\interpreter\linkResolver.cpp, line 784]
Event: 3.462 Thread 0x0000023a7bf0ae90 Implicit null exception at 0x0000023a6843b834 to 0x0000023a6843bd54
Event: 3.462 Thread 0x0000023a7bf0ae90 Implicit null exception at 0x0000023a684fd498 to 0x0000023a684fd814
Event: 3.462 Thread 0x0000023a7bf0ae90 Implicit null exception at 0x0000023a684ff530 to 0x0000023a684ffdf4
Event: 3.463 Thread 0x0000023a7bf0ae90 Exception <a 'java/lang/NoSuchMethodError'{0x00000000845e61c0}: 'java.lang.reflect.Method[] java.lang.Class.getDeclaredMethods(java.lang.Class)'> (0x00000000845e61c0) 
thrown [s\src\hotspot\share\interpreter\linkResolver.cpp, line 784]
Event: 3.489 Thread 0x0000023a7bf0ae90 Exception <a 'java/lang/NoSuchMethodError'{0x0000000084205cb8}: 'void java.lang.invoke.DirectMethodHandle$Holder.invokeStaticInit(java.lang.Object, java.lang.Object, java.lang.Object, java.lang.Object, java.lang.Object)'> (0x0000000084205cb8) 
thrown [s\src\hotspot\share\interpreter\linkResolver.cpp, line 784]

ZGC Phase Switch (0 events):
No events

VM Operations (20 events):
Event: 2.800 Executing VM operation: G1PauseCleanup done
Event: 2.817 Executing VM operation: HandshakeAllThreads (Deoptimize)
Event: 2.817 Executing VM operation: HandshakeAllThreads (Deoptimize) done
Event: 3.091 Executing VM operation: HandshakeAllThreads (Deoptimize)
Event: 3.092 Executing VM operation: HandshakeAllThreads (Deoptimize) done
Event: 3.105 Executing VM operation: G1CollectForAllocation (G1 Evacuation Pause)
Event: 3.110 Executing VM operation: G1CollectForAllocation (G1 Evacuation Pause) done
Event: 3.170 Executing VM operation: HandshakeAllThreads (Deoptimize)
Event: 3.170 Executing VM operation: HandshakeAllThreads (Deoptimize) done
Event: 3.276 Executing VM operation: G1CollectForAllocation (G1 Evacuation Pause)
Event: 3.279 Executing VM operation: G1CollectForAllocation (G1 Evacuation Pause) done
Event: 3.289 Executing VM operation: HandshakeAllThreads (Deoptimize)
Event: 3.289 Executing VM operation: HandshakeAllThreads (Deoptimize) done
Event: 3.353 Executing VM operation: HandshakeAllThreads (Deoptimize)
Event: 3.353 Executing VM operation: HandshakeAllThreads (Deoptimize) done
Event: 3.353 Executing VM operation: HandshakeAllThreads (Deoptimize)
Event: 3.353 Executing VM operation: HandshakeAllThreads (Deoptimize) done
Event: 3.457 Executing VM operation: HandshakeAllThreads (Deoptimize)
Event: 3.457 Executing VM operation: HandshakeAllThreads (Deoptimize) done
Event: 3.512 Executing VM operation: G1CollectForAllocation (G1 Evacuation Pause)

Memory protections (0 events):
No events

Nmethod flushes (20 events):
Event: 2.797 Thread 0x0000023a75a393f0 flushing  nmethod 0x0000023a608c5a10
Event: 2.797 Thread 0x0000023a75a393f0 flushing  nmethod 0x0000023a60906790
Event: 2.797 Thread 0x0000023a75a393f0 flushing  nmethod 0x0000023a60907290
Event: 2.797 Thread 0x0000023a75a393f0 flushing  nmethod 0x0000023a60913190
Event: 2.797 Thread 0x0000023a75a393f0 flushing  nmethod 0x0000023a6095ff10
Event: 2.797 Thread 0x0000023a75a393f0 flushing  nmethod 0x0000023a60960310
Event: 2.797 Thread 0x0000023a75a393f0 flushing  nmethod 0x0000023a60960790
Event: 2.797 Thread 0x0000023a75a393f0 flushing  nmethod 0x0000023a60962d90
Event: 2.797 Thread 0x0000023a75a393f0 flushing  nmethod 0x0000023a609b4210
Event: 2.797 Thread 0x0000023a75a393f0 flushing  nmethod 0x0000023a609b4890
Event: 2.797 Thread 0x0000023a75a393f0 flushing  nmethod 0x0000023a609c2c90
Event: 2.797 Thread 0x0000023a75a393f0 flushing  nmethod 0x0000023a60a5bb10
Event: 2.797 Thread 0x0000023a75a393f0 flushing  nmethod 0x0000023a60afb010
Event: 2.797 Thread 0x0000023a75a393f0 flushing  nmethod 0x0000023a60afbe10
Event: 2.797 Thread 0x0000023a75a393f0 flushing  nmethod 0x0000023a60afc410
Event: 2.797 Thread 0x0000023a75a393f0 flushing  nmethod 0x0000023a60b39a10
Event: 2.797 Thread 0x0000023a75a393f0 flushing  nmethod 0x0000023a60b3ba90
Event: 2.797 Thread 0x0000023a75a393f0 flushing  nmethod 0x0000023a60b3be90
Event: 2.797 Thread 0x0000023a75a393f0 flushing  nmethod 0x0000023a60b7ef90
Event: 2.797 Thread 0x0000023a75a393f0 flushing  nmethod 0x0000023a60b81c90

Events (20 events):
Event: 2.635 Thread 0x0000023a7bf0ae90 Thread added: 0x0000023a7bf3ad00
Event: 2.644 Thread 0x0000023a7bf0ae90 Thread added: 0x0000023a7bf3b390
Event: 2.775 Thread 0x0000023a7bf0ae90 Thread added: 0x0000023a00dc1390
Event: 2.779 Thread 0x0000023a7bf0ae90 Thread added: 0x0000023a00dc1a20
Event: 2.854 Thread 0x0000023a7bf0ae90 Thread added: 0x0000023a00dc20b0
Event: 2.854 Thread 0x0000023a7bf0ae90 Thread added: 0x0000023a00dc7600
Event: 2.854 Thread 0x0000023a7bf0ae90 Thread added: 0x0000023a00dc5530
Event: 2.854 Thread 0x0000023a7bf0ae90 Thread added: 0x0000023a00dc2740
Event: 2.854 Thread 0x0000023a7bf0ae90 Thread added: 0x0000023a00dc6f70
Event: 2.854 Thread 0x0000023a7bf0ae90 Thread added: 0x0000023a00dc4180
Event: 2.854 Thread 0x0000023a7bf0ae90 Thread added: 0x0000023a00dc3af0
Event: 2.854 Thread 0x0000023a7bf0ae90 Thread added: 0x0000023a00dc0d00
Event: 2.854 Thread 0x0000023a7bf0ae90 Thread added: 0x0000023a00dc2dd0
Event: 2.854 Thread 0x0000023a7bf0ae90 Thread added: 0x0000023a00dc3460
Event: 2.855 Thread 0x0000023a7bf0ae90 Thread added: 0x0000023a00dc5bc0
Event: 2.855 Thread 0x0000023a7bf0ae90 Thread added: 0x0000023a00dc4810
Event: 2.855 Thread 0x0000023a7bf0ae90 Thread added: 0x0000023a00dc4ea0
Event: 2.855 Thread 0x0000023a7bf0ae90 Thread added: 0x0000023a00dc7c90
Event: 2.855 Thread 0x0000023a7bf0ae90 Thread added: 0x0000023a00dc6250
Event: 2.855 Thread 0x0000023a7bf0ae90 Thread added: 0x0000023a00dc68e0


Dynamic libraries:
0x00007ff63c080000 - 0x00007ff63c08a000 	C:\Program Files\Android\Android Studio\jbr\bin\java.exe
0x00007ffd90f50000 - 0x00007ffd91167000 	C:\Windows\SYSTEM32\ntdll.dll
0x00007ffd8f810000 - 0x00007ffd8f8d4000 	C:\Windows\System32\KERNEL32.DLL
0x00007ffd8e320000 - 0x00007ffd8e6cc000 	C:\Windows\System32\KERNELBASE.dll
0x00007ffd8e950000 - 0x00007ffd8ea61000 	C:\Windows\System32\ucrtbase.dll
0x00007ffd88ed0000 - 0x00007ffd88eeb000 	C:\Program Files\Android\Android Studio\jbr\bin\VCRUNTIME140.dll
0x00007ffd70000000 - 0x00007ffd70018000 	C:\Program Files\Android\Android Studio\jbr\bin\jli.dll
0x00007ffd8f530000 - 0x00007ffd8f6de000 	C:\Windows\System32\USER32.dll
0x00007ffd77640000 - 0x00007ffd778d3000 	C:\Windows\WinSxS\amd64_microsoft.windows.common-controls_6595b64144ccf1df_6.0.22621.3672_none_2713b9d173822955\COMCTL32.dll
0x00007ffd8e800000 - 0x00007ffd8e826000 	C:\Windows\System32\win32u.dll
0x00007ffd8f8e0000 - 0x00007ffd8f987000 	C:\Windows\System32\msvcrt.dll
0x00007ffd8f4f0000 - 0x00007ffd8f519000 	C:\Windows\System32\GDI32.dll
0x00007ffd8e830000 - 0x00007ffd8e949000 	C:\Windows\System32\gdi32full.dll
0x00007ffd8e280000 - 0x00007ffd8e31a000 	C:\Windows\System32\msvcp_win.dll
0x00007ffd90270000 - 0x00007ffd902a1000 	C:\Windows\System32\IMM32.DLL
0x00007ffd8af10000 - 0x00007ffd8af1c000 	C:\Program Files\Android\Android Studio\jbr\bin\vcruntime140_1.dll
0x00007ffd613f0000 - 0x00007ffd6147d000 	C:\Program Files\Android\Android Studio\jbr\bin\msvcp140.dll
0x00007ffd3b2c0000 - 0x00007ffd3bf56000 	C:\Program Files\Android\Android Studio\jbr\bin\server\jvm.dll
0x00007ffd8ffe0000 - 0x00007ffd90092000 	C:\Windows\System32\ADVAPI32.dll
0x00007ffd907d0000 - 0x00007ffd9087a000 	C:\Windows\System32\sechost.dll
0x00007ffd8ec60000 - 0x00007ffd8ec88000 	C:\Windows\System32\bcrypt.dll
0x00007ffd8f6e0000 - 0x00007ffd8f7f5000 	C:\Windows\System32\RPCRT4.dll
0x00007ffd8ff50000 - 0x00007ffd8ffc1000 	C:\Windows\System32\WS2_32.dll
0x00007ffd8db40000 - 0x00007ffd8db8d000 	C:\Windows\SYSTEM32\POWRPROF.dll
0x00007ffd89570000 - 0x00007ffd895a4000 	C:\Windows\SYSTEM32\WINMM.dll
0x00007ffd85a40000 - 0x00007ffd85a4a000 	C:\Windows\SYSTEM32\VERSION.dll
0x00007ffd8dad0000 - 0x00007ffd8dae3000 	C:\Windows\SYSTEM32\UMPDC.dll
0x00007ffd8d2b0000 - 0x00007ffd8d2c8000 	C:\Windows\SYSTEM32\kernel.appcore.dll
0x00007ffd895b0000 - 0x00007ffd895ba000 	C:\Program Files\Android\Android Studio\jbr\bin\jimage.dll
0x00007ffd8bc20000 - 0x00007ffd8be52000 	C:\Windows\SYSTEM32\DBGHELP.DLL
0x00007ffd8fa90000 - 0x00007ffd8fe18000 	C:\Windows\System32\combase.dll
0x00007ffd90360000 - 0x00007ffd90437000 	C:\Windows\System32\OLEAUT32.dll
0x00007ffd702d0000 - 0x00007ffd70302000 	C:\Windows\SYSTEM32\dbgcore.DLL
0x00007ffd8ebe0000 - 0x00007ffd8ec5b000 	C:\Windows\System32\bcryptPrimitives.dll
0x00007ffd8aee0000 - 0x00007ffd8aeee000 	C:\Program Files\Android\Android Studio\jbr\bin\instrument.dll
0x00007ffd842e0000 - 0x00007ffd84300000 	C:\Program Files\Android\Android Studio\jbr\bin\java.dll
0x00007ffd75440000 - 0x00007ffd75458000 	C:\Program Files\Android\Android Studio\jbr\bin\zip.dll
0x00007ffd8ec90000 - 0x00007ffd8f4ec000 	C:\Windows\System32\SHELL32.dll
0x00007ffd8c190000 - 0x00007ffd8ca87000 	C:\Windows\SYSTEM32\windows.storage.dll
0x00007ffd8c050000 - 0x00007ffd8c18f000 	C:\Windows\SYSTEM32\wintypes.dll
0x00007ffd90170000 - 0x00007ffd90264000 	C:\Windows\System32\SHCORE.dll
0x00007ffd8fe20000 - 0x00007ffd8fe7e000 	C:\Windows\System32\shlwapi.dll
0x00007ffd8e1b0000 - 0x00007ffd8e1d1000 	C:\Windows\SYSTEM32\profapi.dll
0x00007ffd891f0000 - 0x00007ffd89200000 	C:\Program Files\Android\Android Studio\jbr\bin\net.dll
0x00007ffd8a940000 - 0x00007ffd8aa76000 	C:\Windows\SYSTEM32\WINHTTP.dll
0x00007ffd8d720000 - 0x00007ffd8d789000 	C:\Windows\system32\mswsock.dll
0x00007ffd74ec0000 - 0x00007ffd74ed6000 	C:\Program Files\Android\Android Studio\jbr\bin\nio.dll
0x00007ffd88050000 - 0x00007ffd88060000 	C:\Program Files\Android\Android Studio\jbr\bin\verify.dll
0x00007ffd6f3f0000 - 0x00007ffd6f417000 	C:\Users\LENOVO\.gradle\native\1def1411415f61bf3af743bc5b6707747c0891f09f0c88961ee8f79bc544acac\windows-amd64\native-platform.dll
0x00007ffd65ea0000 - 0x00007ffd65f18000 	C:\Users\LENOVO\.gradle\native\0.2.7\x86_64-windows-gnu\gradle-fileevents.dll
0x00007ffd7f190000 - 0x00007ffd7f199000 	C:\Program Files\Android\Android Studio\jbr\bin\management.dll
0x00007ffd7e6c0000 - 0x00007ffd7e6cb000 	C:\Program Files\Android\Android Studio\jbr\bin\management_ext.dll
0x00007ffd90600000 - 0x00007ffd90608000 	C:\Windows\System32\PSAPI.DLL
0x00007ffd8cd00000 - 0x00007ffd8cd2d000 	C:\Windows\SYSTEM32\IPHLPAPI.DLL
0x00007ffd8ffd0000 - 0x00007ffd8ffd9000 	C:\Windows\System32\NSI.dll
0x00007ffd87f70000 - 0x00007ffd87f79000 	C:\Program Files\Android\Android Studio\jbr\bin\extnet.dll
0x00007ffd8da00000 - 0x00007ffd8da1b000 	C:\Windows\SYSTEM32\CRYPTSP.dll
0x00007ffd8d210000 - 0x00007ffd8d245000 	C:\Windows\system32\rsaenh.dll
0x00007ffd8d890000 - 0x00007ffd8d8b8000 	C:\Windows\SYSTEM32\USERENV.dll
0x00007ffd8d9f0000 - 0x00007ffd8d9fc000 	C:\Windows\SYSTEM32\CRYPTBASE.dll
0x00007ffcedfa0000 - 0x00007ffcedfa8000 	C:\Windows\system32\wshunix.dll

JVMTI agents:
C:\Users\LENOVO\.gradle\wrapper\dists\gradle-8.13-bin\5xuhj0ry160q40clulazy9h7d\gradle-8.13\lib\agents\gradle-instrumentation-agent-8.13.jar path:C:\Program Files\Android\Android Studio\jbr\bin\instrument.dll, loaded, initialized, instrumentlib options:none

dbghelp: loaded successfully - version: 4.0.5 - missing functions: none
symbol engine: initialized successfully - sym options: 0x614 - pdb path: .;C:\Program Files\Android\Android Studio\jbr\bin;C:\Windows\SYSTEM32;C:\Windows\WinSxS\amd64_microsoft.windows.common-controls_6595b64144ccf1df_6.0.22621.3672_none_2713b9d173822955;C:\Program Files\Android\Android Studio\jbr\bin\server;C:\Users\LENOVO\.gradle\native\1def1411415f61bf3af743bc5b6707747c0891f09f0c88961ee8f79bc544acac\windows-amd64;C:\Users\LENOVO\.gradle\native\0.2.7\x86_64-windows-gnu

VM Arguments:
jvm_args: --add-opens=java.base/java.lang=ALL-UNNAMED --add-opens=java.base/java.lang.invoke=ALL-UNNAMED --add-opens=java.base/java.util=ALL-UNNAMED --add-opens=java.prefs/java.util.prefs=ALL-UNNAMED --add-exports=jdk.compiler/com.sun.tools.javac.api=ALL-UNNAMED --add-exports=jdk.compiler/com.sun.tools.javac.util=ALL-UNNAMED --add-opens=java.base/java.util=ALL-UNNAMED --add-opens=java.prefs/java.util.prefs=ALL-UNNAMED --add-opens=java.base/java.nio.charset=ALL-UNNAMED --add-opens=java.base/java.net=ALL-UNNAMED --add-opens=java.base/java.util.concurrent.atomic=ALL-UNNAMED --add-opens=java.xml/javax.xml.namespace=ALL-UNNAMED -Xmx2048m -Dfile.encoding=UTF-8 -Duser.country=ID -Duser.language=en -Duser.variant -javaagent:C:\Users\LENOVO\.gradle\wrapper\dists\gradle-8.13-bin\5xuhj0ry160q40clulazy9h7d\gradle-8.13\lib\agents\gradle-instrumentation-agent-8.13.jar 
java_command: org.gradle.launcher.daemon.bootstrap.GradleDaemon 8.13
java_class_path (initial): C:\Users\LENOVO\.gradle\wrapper\dists\gradle-8.13-bin\5xuhj0ry160q40clulazy9h7d\gradle-8.13\lib\gradle-daemon-main-8.13.jar
Launcher Type: SUN_STANDARD

[Global flags]
     intx CICompilerCount                          = 12                                        {product} {ergonomic}
     uint ConcGCThreads                            = 3                                         {product} {ergonomic}
     uint G1ConcRefinementThreads                  = 13                                        {product} {ergonomic}
   size_t G1HeapRegionSize                         = 1048576                                   {product} {ergonomic}
    uintx GCDrainStackTargetSize                   = 64                                        {product} {ergonomic}
   size_t InitialHeapSize                          = 232783872                                 {product} {ergonomic}
   size_t MarkStackSize                            = 4194304                                   {product} {ergonomic}
   size_t MaxHeapSize                              = 2147483648                                {product} {command line}
   size_t MaxNewSize                               = 1287651328                                {product} {ergonomic}
   size_t MinHeapDeltaBytes                        = 1048576                                   {product} {ergonomic}
   size_t MinHeapSize                              = 8388608                                   {product} {ergonomic}
    uintx NonNMethodCodeHeapSize                   = 7602480                                {pd product} {ergonomic}
    uintx NonProfiledCodeHeapSize                  = 122027880                              {pd product} {ergonomic}
    uintx ProfiledCodeHeapSize                     = 122027880                              {pd product} {ergonomic}
    uintx ReservedCodeCacheSize                    = 251658240                              {pd product} {ergonomic}
     bool SegmentedCodeCache                       = true                                      {product} {ergonomic}
   size_t SoftMaxHeapSize                          = 2147483648                             {manageable} {ergonomic}
     bool UseCompressedOops                        = true                           {product lp64_product} {ergonomic}
     bool UseG1GC                                  = true                                      {product} {ergonomic}
     bool UseLargePagesIndividualAllocation        = false                                  {pd product} {ergonomic}

Logging:
Log output configuration:
 #0: stdout all=warning uptime,level,tags foldmultilines=false
 #1: stderr all=off uptime,level,tags foldmultilines=false

Environment Variables:
PATH=C:\Program Files (x86)\VMware\VMware Workstation\bin\;C:\Program Files (x86)\Embarcadero\Studio\23.0\bin;C:\Users\Public\Documents\Embarcadero\Studio\23.0\Bpl;C:\Program Files (x86)\Embarcadero\Studio\23.0\bin64;C:\Users\Public\Documents\Embarcadero\Studio\23.0\Bpl\Win64;C:\Program Files\Common Files\Oracle\Java\javapath;C:\Program Files (x86)\Common Files\Oracle\Java\java8path;C:\Program Files (x86)\Common Files\Oracle\Java\javapath;C:\Windows\system32;C:\Windows;C:\Windows\System32\Wbem;C:\Windows\System32\WindowsPowerShell\v1.0\;C:\Windows\System32\OpenSSH\;C:\Program Files\nodejs\;C:\Program Files\Git\cmd;C:\Program Files\Tesseract-OCR;C:\Users\LENOVO\AppData\Local\Android\Sdk\cmdline-tools\bin;C:\Program Files\Java\jdk-22\bin;C:\Program Files (x86)\Windows Kits\10\Windows Performance Toolkit\;C:\composer;C:\Users\LENOVO\.config\herd\bin\nvm;C:\Program Files\nodejs;C:\laragon\bin\php\php-8.3.10-Win32-vs16-x64;C:\laragon\bin\mongodb\bin;C:\Program Files\dotnet\;C:\Program Files\PuTTY\;C:\Program Files\MATLAB\R2024b\bin;C:\laragon\bin;C:\laragon\bin\apache\httpd-2.4.54-win64-VS16\bin;C:\laragon\bin\composer;C:\laragon\bin\git\bin;C:\laragon\bin\git\cmd;C:\laragon\bin\git\mingw64\bin;C:\laragon\bin\git\usr\bin;C:\laragon\bin\laragon\utils;C:\laragon\bin\mysql\mysql-8.0.30-winx64\bin;C:\laragon\bin\nginx\nginx-1.22.0;C:\laragon\bin\ngrok;C:\laragon\bin\nodejs\node-v22.6.0-win-x64;C:\laragon\bin\notepad++;C:\laragon\bin\php\php-8.3.10-Win32-vs16-x64;C:\laragon\bin\python\python-3.10;C:\laragon\bin\python\python-3.10\Scripts;C:\laragon\bin\redis\redis-x64-5.0.14.1;C:\laragon\bin\telnet;C:\laragon\bin\yarn\bin;C:\laragon\usr\bin;C:\Users\LENOVO\AppData\Local\Yarn\config\global\node_modules\.bin;C:\Users\LENOVO\AppData\Roaming\Composer\vendor\bin;C:\Users\LENOVO\AppData\Roaming\npm;C:\Program Files\Common Files\Oracle\Java\javapath;C:\Program Files (x86)\Common Files\Oracle\Java;C:\Users\LENOVO\AppData\Local\Programs\Microsoft VS Code\bin;C:\Program Files\JetBrains\PyCharm 2024.2.3\bin;;C:\Program Files\JetBrains\PyCharm Community Edition 2024.2.3\bin;;C:\Users\LENOVO\.dotnet\tools;C:\Users\LENOVO\AppData\Local\GitHubDesktop\bin;C:\Users\LENOVO\AppData\Local\Muse Hub\lib
USERNAME=LENOVO
OS=Windows_NT
PROCESSOR_IDENTIFIER=AMD64 Family 25 Model 80 Stepping 0, AuthenticAMD
TMP=C:\Users\LENOVO\AppData\Local\Temp
TEMP=C:\Users\LENOVO\AppData\Local\Temp




Periodic native trim disabled

JNI global refs:
JNI global refs: 34, weak refs: 0

JNI global refs memory usage: 835, weak refs: 833

Process memory usage:
Resident Set Size: 279384K (1% of 14513528K total physical memory with 2487612K free physical memory)

OOME stack traces (most recent first):
Classloader memory used:
Loader org.gradle.internal.classloader.VisitableURLClassLoader                         : 19062K
Loader bootstrap                                                                       : 18485K
Loader org.gradle.initialization.MixInLegacyTypesClassLoader                           : 2856K
Loader org.gradle.internal.classloader.VisitableURLClassLoader                         : 738K
Loader jdk.internal.loader.ClassLoaders$AppClassLoader                                 : 235K
Loader jdk.internal.reflect.DelegatingClassLoader                                      : 159K
Loader jdk.internal.loader.ClassLoaders$PlatformClassLoader                            : 116K
Loader org.gradle.groovy.scripts.internal.DefaultScriptCompilationHandler$ScriptClassLoader: 6352B

Classes loaded by more than one classloader:
Class org.gradle.api.GradleException                                                  : loaded 3 times (x 82B)
Class org.gradle.internal.classloader.FilteringClassLoader                            : loaded 2 times (x 105B)
Class org.gradle.internal.classloader.ClassLoaderHierarchy                            : loaded 2 times (x 70B)
Class org.gradle.api.internal.classpath.ManifestUtil                                  : loaded 2 times (x 71B)
Class org.gradle.internal.operations.MultipleBuildOperationFailures                   : loaded 2 times (x 95B)
Class org.gradle.internal.classloader.DefaultClassLoaderFactory                       : loaded 2 times (x 82B)
Class org.gradle.internal.classloader.ClassLoaderVisitor                              : loaded 2 times (x 76B)
Class org.gradle.api.internal.classpath.EffectiveClassPath                            : loaded 2 times (x 90B)
Class org.gradle.api.internal.DefaultClassPathProvider                                : loaded 2 times (x 76B)
Class [Lorg.gradle.api.internal.ClassPathProvider;                                    : loaded 2 times (x 69B)
Class org.gradle.api.internal.ClassPathProvider                                       : loaded 2 times (x 70B)
Class org.gradle.internal.service.UnknownServiceException                             : loaded 2 times (x 83B)
Class org.gradle.internal.classpath.TransformedClassPath                              : loaded 2 times (x 96B)
Class org.gradle.internal.classloader.InstrumentingClassLoader                        : loaded 2 times (x 70B)
Class org.gradle.internal.service.ServiceLocator                                      : loaded 2 times (x 70B)
Class org.gradle.internal.InternalTransformer                                         : loaded 2 times (x 70B)
Class org.gradle.internal.time.DefaultTimer                                           : loaded 2 times (x 80B)
Class org.gradle.internal.classloader.ClasspathUtil$1                                 : loaded 2 times (x 76B)
Class org.gradle.api.internal.classpath.DefaultModuleRegistry$DefaultModule           : loaded 2 times (x 86B)
Class org.gradle.internal.time.DefaultCountdownTimer                                  : loaded 2 times (x 88B)
Class kotlin.Function                                                                 : loaded 2 times (x 70B)
Class org.gradle.api.internal.classpath.Module                                        : loaded 2 times (x 70B)
Class org.gradle.api.internal.classpath.UnknownModuleException                        : loaded 2 times (x 82B)
Class org.gradle.api.internal.DefaultClassPathRegistry                                : loaded 2 times (x 76B)
Class org.gradle.api.internal.ClassPathRegistry                                       : loaded 2 times (x 70B)
Class org.gradle.internal.classpath.DefaultClassPath$ImmutableUniqueList              : loaded 2 times (x 199B)
Class org.gradle.internal.classpath.ClassPath                                         : loaded 2 times (x 70B)
Class org.gradle.api.UncheckedIOException                                             : loaded 2 times (x 82B)
Class kotlin.UninitializedPropertyAccessException                                     : loaded 2 times (x 82B)
Class org.gradle.internal.installation.GradleInstallation$1                           : loaded 2 times (x 75B)
Class org.gradle.api.internal.classpath.ModuleRegistry                                : loaded 2 times (x 70B)
Class org.gradle.api.internal.classpath.DefaultModuleRegistry                         : loaded 2 times (x 86B)
Class org.gradle.internal.time.MonotonicClock                                         : loaded 2 times (x 77B)
Class org.gradle.internal.service.ServiceLookupException                              : loaded 2 times (x 82B)
Class org.gradle.internal.classloader.ClassLoaderFactory                              : loaded 2 times (x 70B)
Class org.gradle.internal.service.CachingServiceLocator                               : loaded 2 times (x 82B)
Class org.gradle.internal.time.TimeSource                                             : loaded 2 times (x 70B)
Class org.gradle.internal.exceptions.ResolutionProvider                               : loaded 2 times (x 70B)
Class org.gradle.internal.classloader.ClasspathUtil                                   : loaded 2 times (x 71B)
Class org.gradle.internal.time.TimeSource$1                                           : loaded 2 times (x 77B)
Class org.gradle.api.specs.Spec                                                       : loaded 2 times (x 70B)
Class org.gradle.internal.time.Clock                                                  : loaded 2 times (x 70B)
Class org.gradle.internal.classloader.VisitableURLClassLoader$InstrumentingVisitableURLClassLoader: loaded 2 times (x 123B)
Class org.gradle.internal.classloader.VisitableURLClassLoader$Spec                    : loaded 2 times (x 74B)
Class org.gradle.internal.classpath.DefaultClassPath                                  : loaded 2 times (x 90B)
Class org.gradle.internal.classloader.ClassLoaderSpec                                 : loaded 2 times (x 71B)
Class org.gradle.internal.classloader.VisitableURLClassLoader                         : loaded 2 times (x 117B)
Class org.gradle.internal.Cast                                                        : loaded 2 times (x 71B)
Class org.gradle.api.Action                                                           : loaded 2 times (x 70B)
Class kotlin.jvm.functions.Function1                                                  : loaded 2 times (x 70B)
Class org.gradle.internal.classpath.DefaultClassPath$ImmutableUniqueList$Builder      : loaded 2 times (x 75B)
Class kotlin.NotImplementedError                                                      : loaded 2 times (x 82B)
Class org.gradle.internal.exceptions.NonGradleCauseExceptionsHolder                   : loaded 2 times (x 70B)
Class org.gradle.internal.IoActions                                                   : loaded 2 times (x 71B)
Class org.gradle.internal.classloader.SystemClassLoaderSpec                           : loaded 2 times (x 71B)
Class org.gradle.internal.exceptions.MultiCauseException                              : loaded 2 times (x 70B)
Class org.gradle.internal.time.CountdownTimer                                         : loaded 2 times (x 70B)
Class kotlin.jvm.internal.Intrinsics                                                  : loaded 2 times (x 71B)
Class org.gradle.tooling.model.ProjectModel                                           : loaded 2 times (x 70B)
Class kotlin.KotlinNullPointerException                                               : loaded 2 times (x 83B)
Class org.gradle.internal.exceptions.DefaultMultiCauseException                       : loaded 2 times (x 95B)
Class org.gradle.internal.time.Time                                                   : loaded 2 times (x 71B)
Class org.gradle.api.internal.classpath.GlobalCacheRootsProvider                      : loaded 2 times (x 70B)
Class org.gradle.internal.time.Timer                                                  : loaded 2 times (x 70B)
Class org.gradle.internal.installation.CurrentGradleInstallationLocator               : loaded 2 times (x 71B)
Class org.gradle.internal.service.DefaultServiceLocator                               : loaded 2 times (x 83B)
Class org.gradle.util.GradleVersion                                                   : loaded 2 times (x 79B)
Class org.gradle.internal.installation.CurrentGradleInstallation                      : loaded 2 times (x 73B)
Class org.gradle.util.internal.GUtil                                                  : loaded 2 times (x 71B)
Class org.gradle.internal.installation.GradleInstallation                             : loaded 2 times (x 75B)

---------------  S Y S T E M  ---------------

OS:
 Windows 11 , 64 bit Build 22621 (10.0.22621.3672)
OS uptime: 0 days 11:04 hours
Hyper-V role detected

CPU: total 16 (initial active 16) (16 cores per cpu, 2 threads per core) family 25 model 80 stepping 0 microcode 0x0, cx8, cmov, fxsr, ht, mmx, 3dnowpref, sse, sse2, sse3, ssse3, sse4a, sse4.1, sse4.2, popcnt, lzcnt, tsc, tscinvbit, avx, avx2, aes, erms, clmul, bmi1, bmi2, adx, sha, fma, vzeroupper, clflush, clflushopt, hv, rdtscp, rdpid, fsrm, f16c, cet_ss
Processor Information for processor 0
  Max Mhz: 2000, Current Mhz: 2000, Mhz Limit: 2000
Processor Information for processor 1
  Max Mhz: 2000, Current Mhz: 2000, Mhz Limit: 2000
Processor Information for processor 2
  Max Mhz: 2000, Current Mhz: 1808, Mhz Limit: 2000
Processor Information for processor 3
  Max Mhz: 2000, Current Mhz: 1808, Mhz Limit: 2000
Processor Information for processor 4
  Max Mhz: 2000, Current Mhz: 1808, Mhz Limit: 2000
Processor Information for processor 5
  Max Mhz: 2000, Current Mhz: 1808, Mhz Limit: 2000
Processor Information for processor 6
  Max Mhz: 2000, Current Mhz: 1808, Mhz Limit: 2000
Processor Information for processor 7
  Max Mhz: 2000, Current Mhz: 2000, Mhz Limit: 2000
Processor Information for processor 8
  Max Mhz: 2000, Current Mhz: 1808, Mhz Limit: 2000
Processor Information for processor 9
  Max Mhz: 2000, Current Mhz: 1808, Mhz Limit: 2000
Processor Information for processor 10
  Max Mhz: 2000, Current Mhz: 1808, Mhz Limit: 2000
Processor Information for processor 11
  Max Mhz: 2000, Current Mhz: 1808, Mhz Limit: 2000
Processor Information for processor 12
  Max Mhz: 2000, Current Mhz: 2000, Mhz Limit: 2000
Processor Information for processor 13
  Max Mhz: 2000, Current Mhz: 2000, Mhz Limit: 2000
Processor Information for processor 14
  Max Mhz: 2000, Current Mhz: 1808, Mhz Limit: 2000
Processor Information for processor 15
  Max Mhz: 2000, Current Mhz: 1808, Mhz Limit: 2000

Memory: 4k page, system-wide physical 14173M (2429M free)
TotalPageFile size 16221M (AvailPageFile size 13M)
current process WorkingSet (physical memory assigned to process): 272M, peak: 277M
current process commit charge ("private bytes"): 321M, peak: 365M

vm_info: OpenJDK 64-Bit Server VM (21.0.8+-14018985-b1038.68) for windows-amd64 JRE (21.0.8+-14018985-b1038.68), built on 2025-08-29T19:56:34Z by "builder" with MS VC++ 16.10 / 16.11 (VS2019)

END.
